<?xml version="1.0" encoding="UTF-8"?>
<testng-results skipped="0" failed="0" ignored="0" total="2" passed="2">
  <reporter-output>
    <line>
      <![CDATA[Enter User Name Steps completed]]>
    </line>
    <line>
      <![CDATA[Clicked on Next Button Steps completed]]>
    </line>
    <line>
      <![CDATA[Enter OTP Steps completed]]>
    </line>
    <line>
      <![CDATA[Verify OTP Steps completed]]>
    </line>
    <line>
      <![CDATA[Enter Password Steps completed]]>
    </line>
    <line>
      <![CDATA[Capture the Home Page Steps completed]]>
    </line>
    <line>
      <![CDATA[Login is Success]]>
    </line>
  </reporter-output>
  <suite name="Default suite" duration-ms="18933" started-at="2019-07-04T05:59:40Z" finished-at="2019-07-04T05:59:59Z">
    <groups>
    </groups>
    <test name="Default test" duration-ms="18933" started-at="2019-07-04T05:59:40Z" finished-at="2019-07-04T05:59:59Z">
      <class name="Login_Tests.Login_Test">
        <test-method status="PASS" signature="preCondition()[pri:0, instance:Login_Tests.Login_Test@3bb9a3ff]" name="preCondition" is-config="true" duration-ms="9868" started-at="2019-07-04T11:29:40Z" finished-at="2019-07-04T11:29:50Z">
          <reporter-output>
          </reporter-output>
        </test-method> <!-- preCondition -->
        <test-method status="PASS" signature="InvalidLoginToHomePage()[pri:0, instance:Login_Tests.Login_Test@3bb9a3ff]" name="InvalidLoginToHomePage" duration-ms="3" started-at="2019-07-04T11:29:50Z" finished-at="2019-07-04T11:29:50Z">
          <reporter-output>
          </reporter-output>
        </test-method> <!-- InvalidLoginToHomePage -->
        <test-method status="PASS" signature="LoginToHomePage()[pri:0, instance:Login_Tests.Login_Test@3bb9a3ff]" name="LoginToHomePage" duration-ms="8942" started-at="2019-07-04T11:29:50Z" finished-at="2019-07-04T11:29:59Z">
          <reporter-output>
            <line>
              <![CDATA[Enter User Name Steps completed]]>
            </line>
            <line>
              <![CDATA[Clicked on Next Button Steps completed]]>
            </line>
            <line>
              <![CDATA[Enter OTP Steps completed]]>
            </line>
            <line>
              <![CDATA[Verify OTP Steps completed]]>
            </line>
            <line>
              <![CDATA[Enter Password Steps completed]]>
            </line>
            <line>
              <![CDATA[Capture the Home Page Steps completed]]>
            </line>
            <line>
              <![CDATA[Login is Success]]>
            </line>
          </reporter-output>
        </test-method> <!-- LoginToHomePage -->
        <test-method status="PASS" signature="postConditoin()[pri:0, instance:Login_Tests.Login_Test@3bb9a3ff]" name="postConditoin" is-config="true" duration-ms="90" started-at="2019-07-04T11:29:59Z" finished-at="2019-07-04T11:29:59Z">
          <reporter-output>
          </reporter-output>
        </test-method> <!-- postConditoin -->
      </class> <!-- Login_Tests.Login_Test -->
    </test> <!-- Default test -->
  </suite> <!-- Default suite -->
</testng-results>
