<?xml version="1.0" encoding="UTF-8"?>
<!-- Generated by org.testng.reporters.JUnitXMLReporter -->
<testsuite hostname="BBMDVPANKAJGUP.local" ignored="2" name="Test" tests="2" failures="0" timestamp="03 Jul 2019 06:59:15 GMT" time="9.403" errors="0">
  <testcase name="InvalidLoginToHomePage" time="0.01" classname="Login_Tests.Login_Test"/>
  <testcase name="Add_Business_User_Test" time="0.001" classname="Login_Tests.Add_User_Test"/>
  <testcase name="@AfterTest postConditoin" time="0.0" classname="Test_Base.TestBase">
    <ignored/>
  </testcase> <!-- @AfterTest postConditoin -->
  <testcase name="@BeforeTest preCondition" time="0.0" classname="Test_Base.TestBase">
    <ignored/>
  </testcase> <!-- @BeforeTest preCondition -->
</testsuite> <!-- Test -->
